<?xml version="1.0" encoding="UTF-8"?>
<testng-results ignored="0" total="1" passed="1" failed="0" skipped="0">
  <reporter-output>
  </reporter-output>
  <suite started-at="2024-09-02T03:32:59 PDT" name="Default suite" finished-at="2024-09-02T03:33:03 PDT" duration-ms="3857">
    <groups>
    </groups>
    <test started-at="2024-09-02T03:32:59 PDT" name="Default test" finished-at="2024-09-02T03:33:03 PDT" duration-ms="3857">
      <class name="Case_study.BDD_STYLE3">
        <test-method signature="get_example3()[pri:0, instance:Case_study.BDD_STYLE3@5acf93bb]" started-at="2024-09-02T03:32:59 PDT" name="get_example3" finished-at="2024-09-02T03:33:03 PDT" duration-ms="3788" status="PASS">
          <reporter-output>
          </reporter-output>
        </test-method> <!-- get_example3 -->
      </class> <!-- Case_study.BDD_STYLE3 -->
    </test> <!-- Default test -->
  </suite> <!-- Default suite -->
</testng-results>
